1499668654034	geckodriver	INFO	Listening on 127.0.0.1:51057
1499668654733	geckodriver::marionette	INFO	Starting browser /usr/bin/firefox with args ["-marionette"]

(firefox:22402): Gtk-WARNING **: Theme parsing error: gtk-widgets.css:2045:14: 'min-height' is not a valid property name

(firefox:22402): Gtk-WARNING **: Theme parsing error: gtk-widgets.css:2046:13: 'min-width' is not a valid property name

(firefox:22402): Gtk-WARNING **: Theme parsing error: gtk-widgets.css:2051:13: 'min-width' is not a valid property name
1499668666120	Marionette	INFO	Listening on port 35067
1499668666338	Marionette	WARN	TLS certificate errors will be ignored for this session
1499668795248	geckodriver	INFO	Listening on 127.0.0.1:57631
1499668795875	geckodriver::marionette	INFO	Starting browser /usr/bin/firefox with args ["-marionette"]

(firefox:22585): Gtk-WARNING **: Theme parsing error: gtk-widgets.css:2045:14: 'min-height' is not a valid property name

(firefox:22585): Gtk-WARNING **: Theme parsing error: gtk-widgets.css:2046:13: 'min-width' is not a valid property name

(firefox:22585): Gtk-WARNING **: Theme parsing error: gtk-widgets.css:2051:13: 'min-width' is not a valid property name
1499668804898	Marionette	INFO	Listening on port 42255
1499668805480	Marionette	WARN	TLS certificate errors will be ignored for this session
1499668812445	Marionette	INFO	Ceased listening
1499668813954	Marionette	INFO	Ceased listening
1499668843338	geckodriver	INFO	Listening on 127.0.0.1:57849
1499668845183	geckodriver::marionette	INFO	Starting browser /usr/bin/firefox with args ["-marionette"]

(firefox:22721): Gtk-WARNING **: Theme parsing error: gtk-widgets.css:2045:14: 'min-height' is not a valid property name

(firefox:22721): Gtk-WARNING **: Theme parsing error: gtk-widgets.css:2046:13: 'min-width' is not a valid property name

(firefox:22721): Gtk-WARNING **: Theme parsing error: gtk-widgets.css:2051:13: 'min-width' is not a valid property name
1499668856229	Marionette	INFO	Listening on port 33911
1499668856701	Marionette	WARN	TLS certificate errors will be ignored for this session
1499668857323	geckodriver	INFO	Listening on 127.0.0.1:33419
1499668859335	geckodriver::marionette	INFO	Starting browser /usr/bin/firefox with args ["-marionette"]

(firefox:22788): Gtk-WARNING **: Theme parsing error: gtk-widgets.css:2045:14: 'min-height' is not a valid property name

(firefox:22788): Gtk-WARNING **: Theme parsing error: gtk-widgets.css:2046:13: 'min-width' is not a valid property name

(firefox:22788): Gtk-WARNING **: Theme parsing error: gtk-widgets.css:2051:13: 'min-width' is not a valid property name
1499668871378	Marionette	INFO	Listening on port 39951
1499668871572	Marionette	WARN	TLS certificate errors will be ignored for this session
1499668919498	geckodriver	INFO	Listening on 127.0.0.1:39109
1499668921031	geckodriver::marionette	INFO	Starting browser /usr/bin/firefox with args ["-marionette"]

(firefox:22911): Gtk-WARNING **: Theme parsing error: gtk-widgets.css:2045:14: 'min-height' is not a valid property name

(firefox:22911): Gtk-WARNING **: Theme parsing error: gtk-widgets.css:2046:13: 'min-width' is not a valid property name

(firefox:22911): Gtk-WARNING **: Theme parsing error: gtk-widgets.css:2051:13: 'min-width' is not a valid property name
1499668928640	Marionette	INFO	Ceased listening
1499668929280	Marionette	INFO	Listening on port 40485
1499668929846	Marionette	WARN	TLS certificate errors will be ignored for this session
1499668929964	geckodriver	INFO	Listening on 127.0.0.1:42637
1499668932315	geckodriver::marionette	INFO	Starting browser /usr/bin/firefox with args ["-marionette"]
1499668932324	Marionette	INFO	Ceased listening
1499668932363	Marionette	INFO	Ceased listening

(firefox:22992): Gtk-WARNING **: Theme parsing error: gtk-widgets.css:2045:14: 'min-height' is not a valid property name

(firefox:22992): Gtk-WARNING **: Theme parsing error: gtk-widgets.css:2046:13: 'min-width' is not a valid property name

(firefox:22992): Gtk-WARNING **: Theme parsing error: gtk-widgets.css:2051:13: 'min-width' is not a valid property name
1499668940658	Marionette	INFO	Listening on port 37195
1499668941259	Marionette	WARN	TLS certificate errors will be ignored for this session
JavaScript warning: https://www.avito.st/s/cc/093676680537ee50bf9bc123f6e53dc1718b20e3.js?9b64553, line 2: unreachable code after return statement
JavaScript warning: https://www.avito.st/s/cc/093676680537ee50bf9bc123f6e53dc1718b20e3.js?9b64553, line 2: unreachable code after return statement
JavaScript warning: https://www.avito.st/s/cc/093676680537ee50bf9bc123f6e53dc1718b20e3.js?9b64553, line 2: unreachable code after return statement
JavaScript warning: https://www.avito.st/s/cc/093676680537ee50bf9bc123f6e53dc1718b20e3.js?9b64553, line 2: unreachable code after return statement
ATTENTION: default value of option force_s3tc_enable overridden by environment.
1499669423241	geckodriver	INFO	Listening on 127.0.0.1:56195
1499669423784	geckodriver::marionette	INFO	Starting browser /usr/bin/firefox with args ["-marionette"]

(firefox:23364): Gtk-WARNING **: Theme parsing error: gtk-widgets.css:2045:14: 'min-height' is not a valid property name

(firefox:23364): Gtk-WARNING **: Theme parsing error: gtk-widgets.css:2046:13: 'min-width' is not a valid property name

(firefox:23364): Gtk-WARNING **: Theme parsing error: gtk-widgets.css:2051:13: 'min-width' is not a valid property name
1499669436719	Marionette	INFO	Listening on port 33457
1499669437032	Marionette	WARN	TLS certificate errors will be ignored for this session
1499669437296	geckodriver	INFO	Listening on 127.0.0.1:52223
1499669439553	geckodriver::marionette	INFO	Starting browser /usr/bin/firefox with args ["-marionette"]

(firefox:23449): Gtk-WARNING **: Theme parsing error: gtk-widgets.css:2045:14: 'min-height' is not a valid property name

(firefox:23449): Gtk-WARNING **: Theme parsing error: gtk-widgets.css:2046:13: 'min-width' is not a valid property name

(firefox:23449): Gtk-WARNING **: Theme parsing error: gtk-widgets.css:2051:13: 'min-width' is not a valid property name
*************************
A coding exception was thrown and uncaught in a Task.

Full message: TypeError: NetworkError when attempting to fetch resource.
Full stack: 
*************************
1499669458176	Marionette	INFO	Listening on port 38449
1499669458449	Marionette	WARN	TLS certificate errors will be ignored for this session
JavaScript warning: https://www.avito.st/s/cc/093676680537ee50bf9bc123f6e53dc1718b20e3.js?9b64553, line 2: unreachable code after return statement
JavaScript warning: https://www.avito.st/s/cc/093676680537ee50bf9bc123f6e53dc1718b20e3.js?9b64553, line 2: unreachable code after return statement
JavaScript warning: https://www.avito.st/s/cc/093676680537ee50bf9bc123f6e53dc1718b20e3.js?9b64553, line 2: unreachable code after return statement
JavaScript warning: https://www.avito.st/s/cc/093676680537ee50bf9bc123f6e53dc1718b20e3.js?9b64553, line 2: unreachable code after return statement
ATTENTION: default value of option force_s3tc_enable overridden by environment.
1499669526258	Marionette	INFO	Ceased listening
1499669539572	geckodriver	INFO	Listening on 127.0.0.1:49245
1499669540420	geckodriver::marionette	INFO	Starting browser /usr/bin/firefox with args ["-marionette"]

(firefox:23625): Gtk-WARNING **: Theme parsing error: gtk-widgets.css:2045:14: 'min-height' is not a valid property name

(firefox:23625): Gtk-WARNING **: Theme parsing error: gtk-widgets.css:2046:13: 'min-width' is not a valid property name

(firefox:23625): Gtk-WARNING **: Theme parsing error: gtk-widgets.css:2051:13: 'min-width' is not a valid property name

###!!! [Parent][RunMessage] Error: Channel closing: too late to send/recv, messages will be lost

1499669546139	Marionette	INFO	Ceased listening
1499669551582	Marionette	INFO	Listening on port 40893
1499669552192	Marionette	WARN	TLS certificate errors will be ignored for this session
1499669552296	geckodriver	INFO	Listening on 127.0.0.1:34751
1499669553782	geckodriver::marionette	INFO	Starting browser /usr/bin/firefox with args ["-marionette"]

(firefox:23711): Gtk-WARNING **: Theme parsing error: gtk-widgets.css:2045:14: 'min-height' is not a valid property name

(firefox:23711): Gtk-WARNING **: Theme parsing error: gtk-widgets.css:2046:13: 'min-width' is not a valid property name

(firefox:23711): Gtk-WARNING **: Theme parsing error: gtk-widgets.css:2051:13: 'min-width' is not a valid property name
1499669560885	Marionette	INFO	Listening on port 40679
1499669561340	Marionette	WARN	TLS certificate errors will be ignored for this session
JavaScript warning: https://www.avito.st/s/cc/093676680537ee50bf9bc123f6e53dc1718b20e3.js?9b64553, line 2: unreachable code after return statement
JavaScript warning: https://www.avito.st/s/cc/093676680537ee50bf9bc123f6e53dc1718b20e3.js?9b64553, line 2: unreachable code after return statement
JavaScript warning: https://www.avito.st/s/cc/093676680537ee50bf9bc123f6e53dc1718b20e3.js?9b64553, line 2: unreachable code after return statement
JavaScript warning: https://www.avito.st/s/cc/093676680537ee50bf9bc123f6e53dc1718b20e3.js?9b64553, line 2: unreachable code after return statement
ATTENTION: default value of option force_s3tc_enable overridden by environment.

###!!! [Parent][RunMessage] Error: Channel closing: too late to send/recv, messages will be lost

1499669793775	Marionette	INFO	Ceased listening
1499669795317	Marionette	INFO	Ceased listening
1499669902479	geckodriver	INFO	Listening on 127.0.0.1:34045
1499669903999	geckodriver::marionette	INFO	Starting browser /usr/bin/firefox with args ["-marionette"]

(firefox:23943): Gtk-WARNING **: Theme parsing error: gtk-widgets.css:2045:14: 'min-height' is not a valid property name

(firefox:23943): Gtk-WARNING **: Theme parsing error: gtk-widgets.css:2046:13: 'min-width' is not a valid property name

(firefox:23943): Gtk-WARNING **: Theme parsing error: gtk-widgets.css:2051:13: 'min-width' is not a valid property name
1499669911333	Marionette	INFO	Listening on port 35529
1499669912039	Marionette	WARN	TLS certificate errors will be ignored for this session
JavaScript warning: https://www.avito.st/s/cc/093676680537ee50bf9bc123f6e53dc1718b20e3.js?9b64553, line 2: unreachable code after return statement
JavaScript warning: https://www.avito.st/s/cc/093676680537ee50bf9bc123f6e53dc1718b20e3.js?9b64553, line 2: unreachable code after return statement
JavaScript warning: https://www.avito.st/s/cc/093676680537ee50bf9bc123f6e53dc1718b20e3.js?9b64553, line 2: unreachable code after return statement
JavaScript warning: https://www.avito.st/s/cc/093676680537ee50bf9bc123f6e53dc1718b20e3.js?9b64553, line 2: unreachable code after return statement
ATTENTION: default value of option force_s3tc_enable overridden by environment.
JavaScript error: https://ads.adfox.ru/245183/prepareCode?dl=https%3A%2F%2Fwww.avito.ru%2Fmoskva%2Ftelefony%2Fhtc_desire_700_dual_sim_1185379757&pd=10&pdh=768&pdw=1366&pr1=3651944125&pr=831001277&prr=&pv=9&pw=1&skipToken=&ylv=0.439&ybv=0.439&p1=bugbb&p2=fhtu&partner-stat-id=100008485&utf8=%E2%9C%93&grab=dEhUQyBEZXNpcmUgNzAwIGR1YWwgc2ltINC60YPQv9C40YLRjCDQsiDQnNC-0YHQutCy0LUg0L3QsCBBdml0byDigJQg0J7QsdGK0Y_QstC70LXQvdC40Y8g0L3QsCDRgdCw0LnRgtC1IEF2aXRvCjEgSFRDIERlc2lyZSA3MDAgZHVhbCBzaW0gCg%3D%3D, line 6: NS_ERROR_NOT_INITIALIZED: 
1499670069293	geckodriver	INFO	Listening on 127.0.0.1:40255
1499670071064	geckodriver::marionette	INFO	Starting browser /usr/bin/firefox with args ["-marionette"]

(firefox:24133): Gtk-WARNING **: Theme parsing error: gtk-widgets.css:2045:14: 'min-height' is not a valid property name

(firefox:24133): Gtk-WARNING **: Theme parsing error: gtk-widgets.css:2046:13: 'min-width' is not a valid property name

(firefox:24133): Gtk-WARNING **: Theme parsing error: gtk-widgets.css:2051:13: 'min-width' is not a valid property name
1499670080911	Marionette	INFO	Listening on port 46823
1499670081402	Marionette	WARN	TLS certificate errors will be ignored for this session
JavaScript warning: https://www.avito.st/s/cc/093676680537ee50bf9bc123f6e53dc1718b20e3.js?9b64553, line 2: unreachable code after return statement
JavaScript warning: https://www.avito.st/s/cc/093676680537ee50bf9bc123f6e53dc1718b20e3.js?9b64553, line 2: unreachable code after return statement
JavaScript warning: https://www.avito.st/s/cc/093676680537ee50bf9bc123f6e53dc1718b20e3.js?9b64553, line 2: unreachable code after return statement
JavaScript warning: https://www.avito.st/s/cc/093676680537ee50bf9bc123f6e53dc1718b20e3.js?9b64553, line 2: unreachable code after return statement
ATTENTION: default value of option force_s3tc_enable overridden by environment.
1499670137580	geckodriver	INFO	Listening on 127.0.0.1:49371
1499670139090	geckodriver::marionette	INFO	Starting browser /usr/bin/firefox with args ["-marionette"]

(firefox:24259): Gtk-WARNING **: Theme parsing error: gtk-widgets.css:2045:14: 'min-height' is not a valid property name

(firefox:24259): Gtk-WARNING **: Theme parsing error: gtk-widgets.css:2046:13: 'min-width' is not a valid property name

(firefox:24259): Gtk-WARNING **: Theme parsing error: gtk-widgets.css:2051:13: 'min-width' is not a valid property name
1499670147064	Marionette	INFO	Listening on port 42157
1499670147716	Marionette	WARN	TLS certificate errors will be ignored for this session
JavaScript warning: https://www.avito.st/s/cc/093676680537ee50bf9bc123f6e53dc1718b20e3.js?9b64553, line 2: unreachable code after return statement
JavaScript warning: https://www.avito.st/s/cc/093676680537ee50bf9bc123f6e53dc1718b20e3.js?9b64553, line 2: unreachable code after return statement
JavaScript warning: https://www.avito.st/s/cc/093676680537ee50bf9bc123f6e53dc1718b20e3.js?9b64553, line 2: unreachable code after return statement
JavaScript warning: https://www.avito.st/s/cc/093676680537ee50bf9bc123f6e53dc1718b20e3.js?9b64553, line 2: unreachable code after return statement
ATTENTION: default value of option force_s3tc_enable overridden by environment.
JavaScript error: https://ads.adfox.ru/245183/prepareCode?dl=https%3A%2F%2Fwww.avito.ru%2Fmoskva%2Ftelefony%2Fhtc_desire_700_dual_sim_1185379757&pd=10&pdh=768&pdw=1366&pr1=2145571464&pr=3735210412&prr=&pv=10&pw=1&skipToken=&ylv=0.439&ybv=0.439&p1=bugaz&p2=fhtt&partner-stat-id=100008420&utf8=%E2%9C%93&grab=dEhUQyBEZXNpcmUgNzAwIGR1YWwgc2ltINC60YPQv9C40YLRjCDQsiDQnNC-0YHQutCy0LUg0L3QsCBBdml0byDigJQg0J7QsdGK0Y_QstC70LXQvdC40Y8g0L3QsCDRgdCw0LnRgtC1IEF2aXRvCjEgSFRDIERlc2lyZSA3MDAgZHVhbCBzaW0gCg%3D%3D, line 6: NS_ERROR_NOT_INITIALIZED: 
1499670255549	geckodriver	INFO	Listening on 127.0.0.1:58259
1499670256527	geckodriver::marionette	INFO	Starting browser /usr/bin/firefox with args ["-marionette"]

(firefox:24454): Gtk-WARNING **: Theme parsing error: gtk-widgets.css:2045:14: 'min-height' is not a valid property name

(firefox:24454): Gtk-WARNING **: Theme parsing error: gtk-widgets.css:2046:13: 'min-width' is not a valid property name

(firefox:24454): Gtk-WARNING **: Theme parsing error: gtk-widgets.css:2051:13: 'min-width' is not a valid property name

###!!! [Parent][RunMessage] Error: Channel closing: too late to send/recv, messages will be lost

1499670262444	Marionette	INFO	Ceased listening

###!!! [Parent][RunMessage] Error: Channel closing: too late to send/recv, messages will be lost

1499670264567	Marionette	INFO	Ceased listening
1499670271681	Marionette	INFO	Listening on port 46655
1499670271921	Marionette	WARN	TLS certificate errors will be ignored for this session
1499670276675	Marionette	INFO	Ceased listening
1499670292522	geckodriver	INFO	Listening on 127.0.0.1:59899
1499670293994	geckodriver::marionette	INFO	Starting browser /usr/bin/firefox with args ["-marionette"]

(firefox:24588): Gtk-WARNING **: Theme parsing error: gtk-widgets.css:2045:14: 'min-height' is not a valid property name

(firefox:24588): Gtk-WARNING **: Theme parsing error: gtk-widgets.css:2046:13: 'min-width' is not a valid property name

(firefox:24588): Gtk-WARNING **: Theme parsing error: gtk-widgets.css:2051:13: 'min-width' is not a valid property name
1499670301361	Marionette	INFO	Listening on port 36307
1499670301789	Marionette	WARN	TLS certificate errors will be ignored for this session
JavaScript warning: https://www.avito.st/s/cc/093676680537ee50bf9bc123f6e53dc1718b20e3.js?9b64553, line 2: unreachable code after return statement
JavaScript warning: https://www.avito.st/s/cc/093676680537ee50bf9bc123f6e53dc1718b20e3.js?9b64553, line 2: unreachable code after return statement
JavaScript warning: https://www.avito.st/s/cc/093676680537ee50bf9bc123f6e53dc1718b20e3.js?9b64553, line 2: unreachable code after return statement
JavaScript warning: https://www.avito.st/s/cc/093676680537ee50bf9bc123f6e53dc1718b20e3.js?9b64553, line 2: unreachable code after return statement
ATTENTION: default value of option force_s3tc_enable overridden by environment.
JavaScript error: https://ads.adfox.ru/245183/prepareCode?dl=https%3A%2F%2Fwww.avito.ru%2Fmoskva%2Ftelefony%2Fhtc_desire_700_dual_sim_1185379757&pd=10&pdh=768&pdw=1366&pr1=1507571819&pr=3566030097&prr=&pv=10&pw=1&skipToken=&ylv=0.439&ybv=0.439&p1=bugaz&p2=fhtt&partner-stat-id=100008430&utf8=%E2%9C%93&grab=dEhUQyBEZXNpcmUgNzAwIGR1YWwgc2ltINC60YPQv9C40YLRjCDQsiDQnNC-0YHQutCy0LUg0L3QsCBBdml0byDigJQg0J7QsdGK0Y_QstC70LXQvdC40Y8g0L3QsCDRgdCw0LnRgtC1IEF2aXRvCjEgSFRDIERlc2lyZSA3MDAgZHVhbCBzaW0gCg%3D%3D, line 6: NS_ERROR_NOT_INITIALIZED: 

###!!! [Parent][RunMessage] Error: Channel closing: too late to send/recv, messages will be lost

1499670583197	Marionette	INFO	Ceased listening
1499671129322	geckodriver	INFO	Listening on 127.0.0.1:44613
1499671130856	geckodriver::marionette	INFO	Starting browser /usr/bin/firefox with args ["-marionette"]

(firefox:25302): Gtk-WARNING **: Theme parsing error: gtk-widgets.css:2045:14: 'min-height' is not a valid property name

(firefox:25302): Gtk-WARNING **: Theme parsing error: gtk-widgets.css:2046:13: 'min-width' is not a valid property name

(firefox:25302): Gtk-WARNING **: Theme parsing error: gtk-widgets.css:2051:13: 'min-width' is not a valid property name
1499671138377	Marionette	INFO	Listening on port 39129
1499671139288	Marionette	WARN	TLS certificate errors will be ignored for this session
JavaScript warning: https://www.avito.st/s/cc/093676680537ee50bf9bc123f6e53dc1718b20e3.js?9b64553, line 2: unreachable code after return statement
JavaScript warning: https://www.avito.st/s/cc/093676680537ee50bf9bc123f6e53dc1718b20e3.js?9b64553, line 2: unreachable code after return statement
JavaScript warning: https://www.avito.st/s/cc/093676680537ee50bf9bc123f6e53dc1718b20e3.js?9b64553, line 2: unreachable code after return statement
JavaScript warning: https://www.avito.st/s/cc/093676680537ee50bf9bc123f6e53dc1718b20e3.js?9b64553, line 2: unreachable code after return statement
ATTENTION: default value of option force_s3tc_enable overridden by environment.

###!!! [Parent][RunMessage] Error: Channel closing: too late to send/recv, messages will be lost

1499671199457	Marionette	INFO	Ceased listening
1499671200338	geckodriver	INFO	Listening on 127.0.0.1:54797
1499671201818	geckodriver::marionette	INFO	Starting browser /usr/bin/firefox with args ["-marionette"]

(firefox:25435): Gtk-WARNING **: Theme parsing error: gtk-widgets.css:2045:14: 'min-height' is not a valid property name

(firefox:25435): Gtk-WARNING **: Theme parsing error: gtk-widgets.css:2046:13: 'min-width' is not a valid property name

(firefox:25435): Gtk-WARNING **: Theme parsing error: gtk-widgets.css:2051:13: 'min-width' is not a valid property name
1499671209374	Marionette	INFO	Listening on port 43997
1499671210056	Marionette	WARN	TLS certificate errors will be ignored for this session
JavaScript warning: https://www.avito.st/s/cc/093676680537ee50bf9bc123f6e53dc1718b20e3.js?9b64553, line 2: unreachable code after return statement
JavaScript warning: https://www.avito.st/s/cc/093676680537ee50bf9bc123f6e53dc1718b20e3.js?9b64553, line 2: unreachable code after return statement
JavaScript warning: https://www.avito.st/s/cc/093676680537ee50bf9bc123f6e53dc1718b20e3.js?9b64553, line 2: unreachable code after return statement
JavaScript warning: https://www.avito.st/s/cc/093676680537ee50bf9bc123f6e53dc1718b20e3.js?9b64553, line 2: unreachable code after return statement
ATTENTION: default value of option force_s3tc_enable overridden by environment.
JavaScript error: https://ads.adfox.ru/245183/prepareCode?dl=https%3A%2F%2Fwww.avito.ru%2Fmoskva%2Ftelefony%2Fhtc_desire_700_dual_sim_1185379757&pd=10&pdh=768&pdw=1366&pr1=2116985312&pr=1759168096&prr=&pv=10&pw=1&skipToken=&ylv=0.439&ybv=0.439&p1=bugaz&p2=fhtt&partner-stat-id=100008401&utf8=%E2%9C%93&grab=dEhUQyBEZXNpcmUgNzAwIGR1YWwgc2ltINC60YPQv9C40YLRjCDQsiDQnNC-0YHQutCy0LUg0L3QsCBBdml0byDigJQg0J7QsdGK0Y_QstC70LXQvdC40Y8g0L3QsCDRgdCw0LnRgtC1IEF2aXRvCjEgSFRDIERlc2lyZSA3MDAgZHVhbCBzaW0gCg%3D%3D, line 6: NS_ERROR_NOT_INITIALIZED: 
*************************
A coding exception was thrown and uncaught in a Task.

Full message: TypeError: NetworkError when attempting to fetch resource.
Full stack: 
*************************

###!!! [Parent][RunMessage] Error: Channel closing: too late to send/recv, messages will be lost

1499672542875	Marionette	INFO	Ceased listening
1499672561028	geckodriver	INFO	Listening on 127.0.0.1:37545
1499672561776	geckodriver::marionette	INFO	Starting browser /usr/bin/firefox with args ["-marionette"]

(firefox:26244): Gtk-WARNING **: Theme parsing error: gtk-widgets.css:2045:14: 'min-height' is not a valid property name

(firefox:26244): Gtk-WARNING **: Theme parsing error: gtk-widgets.css:2046:13: 'min-width' is not a valid property name

(firefox:26244): Gtk-WARNING **: Theme parsing error: gtk-widgets.css:2051:13: 'min-width' is not a valid property name
1499672572085	Marionette	INFO	Listening on port 41451
1499672572268	Marionette	WARN	TLS certificate errors will be ignored for this session
JavaScript warning: https://www.avito.st/s/cc/093676680537ee50bf9bc123f6e53dc1718b20e3.js?9b64553, line 2: unreachable code after return statement
JavaScript warning: https://www.avito.st/s/cc/093676680537ee50bf9bc123f6e53dc1718b20e3.js?9b64553, line 2: unreachable code after return statement
JavaScript warning: https://www.avito.st/s/cc/093676680537ee50bf9bc123f6e53dc1718b20e3.js?9b64553, line 2: unreachable code after return statement
JavaScript warning: https://www.avito.st/s/cc/093676680537ee50bf9bc123f6e53dc1718b20e3.js?9b64553, line 2: unreachable code after return statement
ATTENTION: default value of option force_s3tc_enable overridden by environment.
JavaScript error: https://ads.adfox.ru/245183/prepareCode?dl=https%3A%2F%2Fwww.avito.ru%2Fmoskva%2Ftelefony%2Fhtc_desire_700_dual_sim_1185379757&pd=10&pdh=768&pdw=1366&pr1=5880346&pr=3376313515&prr=&pv=10&pw=1&skipToken=&ylv=0.439&ybv=0.439&p1=bugaz&p2=fhtt&partner-stat-id=100008407&utf8=%E2%9C%93&grab=dEhUQyBEZXNpcmUgNzAwIGR1YWwgc2ltINC60YPQv9C40YLRjCDQsiDQnNC-0YHQutCy0LUg0L3QsCBBdml0byDigJQg0J7QsdGK0Y_QstC70LXQvdC40Y8g0L3QsCDRgdCw0LnRgtC1IEF2aXRvCjEgSFRDIERlc2lyZSA3MDAgZHVhbCBzaW0gCg%3D%3D, line 6: NS_ERROR_NOT_INITIALIZED: 
1499673049872	geckodriver	INFO	Listening on 127.0.0.1:33101
1499673051448	geckodriver::marionette	INFO	Starting browser /usr/bin/firefox with args ["-marionette"]

(firefox:26803): Gtk-WARNING **: Theme parsing error: gtk-widgets.css:2045:14: 'min-height' is not a valid property name

(firefox:26803): Gtk-WARNING **: Theme parsing error: gtk-widgets.css:2046:13: 'min-width' is not a valid property name

(firefox:26803): Gtk-WARNING **: Theme parsing error: gtk-widgets.css:2051:13: 'min-width' is not a valid property name

###!!! [Parent][RunMessage] Error: Channel closing: too late to send/recv, messages will be lost

1499673061050	Marionette	INFO	Listening on port 44879
1499673061561	Marionette	INFO	Ceased listening
1499673061681	Marionette	WARN	TLS certificate errors will be ignored for this session
1499673065980	Marionette	INFO	Ceased listening
1499673174380	geckodriver	INFO	Listening on 127.0.0.1:41451
1499673175912	geckodriver::marionette	INFO	Starting browser /usr/bin/firefox with args ["-marionette"]

(firefox:26965): Gtk-WARNING **: Theme parsing error: gtk-widgets.css:2045:14: 'min-height' is not a valid property name

(firefox:26965): Gtk-WARNING **: Theme parsing error: gtk-widgets.css:2046:13: 'min-width' is not a valid property name

(firefox:26965): Gtk-WARNING **: Theme parsing error: gtk-widgets.css:2051:13: 'min-width' is not a valid property name
1499673183772	Marionette	INFO	Listening on port 46015
1499673184430	Marionette	WARN	TLS certificate errors will be ignored for this session
1499673187675	Marionette	INFO	Ceased listening
1499673228457	geckodriver	INFO	Listening on 127.0.0.1:34515
1499673229965	geckodriver::marionette	INFO	Starting browser /usr/bin/firefox with args ["-marionette"]

(firefox:27092): Gtk-WARNING **: Theme parsing error: gtk-widgets.css:2045:14: 'min-height' is not a valid property name

(firefox:27092): Gtk-WARNING **: Theme parsing error: gtk-widgets.css:2046:13: 'min-width' is not a valid property name

(firefox:27092): Gtk-WARNING **: Theme parsing error: gtk-widgets.css:2051:13: 'min-width' is not a valid property name
1499673243360	Marionette	INFO	Listening on port 45037
1499673244129	Marionette	WARN	TLS certificate errors will be ignored for this session
1499673248082	Marionette	INFO	Ceased listening
1499673463056	geckodriver	INFO	Listening on 127.0.0.1:42029
1499673464563	geckodriver::marionette	INFO	Starting browser /usr/bin/firefox with args ["-marionette"]

(firefox:27373): Gtk-WARNING **: Theme parsing error: gtk-widgets.css:2045:14: 'min-height' is not a valid property name

(firefox:27373): Gtk-WARNING **: Theme parsing error: gtk-widgets.css:2046:13: 'min-width' is not a valid property name

(firefox:27373): Gtk-WARNING **: Theme parsing error: gtk-widgets.css:2051:13: 'min-width' is not a valid property name
1499673472047	Marionette	INFO	Listening on port 36207
1499673472546	Marionette	WARN	TLS certificate errors will be ignored for this session
JavaScript warning: https://www.avito.st/s/cc/093676680537ee50bf9bc123f6e53dc1718b20e3.js?9b64553, line 2: unreachable code after return statement
JavaScript warning: https://www.avito.st/s/cc/093676680537ee50bf9bc123f6e53dc1718b20e3.js?9b64553, line 2: unreachable code after return statement
JavaScript warning: https://www.avito.st/s/cc/093676680537ee50bf9bc123f6e53dc1718b20e3.js?9b64553, line 2: unreachable code after return statement
JavaScript warning: https://www.avito.st/s/cc/093676680537ee50bf9bc123f6e53dc1718b20e3.js?9b64553, line 2: unreachable code after return statement
ATTENTION: default value of option force_s3tc_enable overridden by environment.
*************************
A coding exception was thrown and uncaught in a Task.

Full message: TypeError: NetworkError when attempting to fetch resource.
Full stack: 
*************************
1499674110432	Marionette	INFO	Ceased listening
1499674113185	geckodriver	INFO	Listening on 127.0.0.1:58365
1499674114724	geckodriver::marionette	INFO	Starting browser /usr/bin/firefox with args ["-marionette"]

(firefox:27704): Gtk-WARNING **: Theme parsing error: gtk-widgets.css:2045:14: 'min-height' is not a valid property name

(firefox:27704): Gtk-WARNING **: Theme parsing error: gtk-widgets.css:2046:13: 'min-width' is not a valid property name

(firefox:27704): Gtk-WARNING **: Theme parsing error: gtk-widgets.css:2051:13: 'min-width' is not a valid property name
1499674122029	Marionette	INFO	Listening on port 39907
1499674122447	Marionette	WARN	TLS certificate errors will be ignored for this session
JavaScript warning: https://www.avito.st/s/cc/093676680537ee50bf9bc123f6e53dc1718b20e3.js?9b64553, line 2: unreachable code after return statement
JavaScript warning: https://www.avito.st/s/cc/093676680537ee50bf9bc123f6e53dc1718b20e3.js?9b64553, line 2: unreachable code after return statement
JavaScript warning: https://www.avito.st/s/cc/093676680537ee50bf9bc123f6e53dc1718b20e3.js?9b64553, line 2: unreachable code after return statement
JavaScript warning: https://www.avito.st/s/cc/093676680537ee50bf9bc123f6e53dc1718b20e3.js?9b64553, line 2: unreachable code after return statement
ATTENTION: default value of option force_s3tc_enable overridden by environment.
JavaScript error: https://www.avito.st/s/cc/50e8f9ec6e1a82d065bb1451ad880a8e976574bc.js?6a0b1f6, line 7: TypeError: t is null
JavaScript error: https://www.avito.st/s/cc/40c0a284141cbeab4b793747a847d0589aab596f.js?787fafc, line 6: TypeError: n is null
1499674273076	geckodriver	INFO	Listening on 127.0.0.1:56829
1499674275282	geckodriver::marionette	INFO	Starting browser /usr/bin/firefox with args ["-marionette"]

(firefox:27976): Gtk-WARNING **: Theme parsing error: gtk-widgets.css:2045:14: 'min-height' is not a valid property name

(firefox:27976): Gtk-WARNING **: Theme parsing error: gtk-widgets.css:2046:13: 'min-width' is not a valid property name

(firefox:27976): Gtk-WARNING **: Theme parsing error: gtk-widgets.css:2051:13: 'min-width' is not a valid property name
1499674285694	Marionette	INFO	Listening on port 35367
1499674286665	Marionette	WARN	TLS certificate errors will be ignored for this session
JavaScript warning: https://www.avito.st/s/cc/093676680537ee50bf9bc123f6e53dc1718b20e3.js?9b64553, line 2: unreachable code after return statement
JavaScript warning: https://www.avito.st/s/cc/093676680537ee50bf9bc123f6e53dc1718b20e3.js?9b64553, line 2: unreachable code after return statement
JavaScript warning: https://www.avito.st/s/cc/093676680537ee50bf9bc123f6e53dc1718b20e3.js?9b64553, line 2: unreachable code after return statement
JavaScript warning: https://www.avito.st/s/cc/093676680537ee50bf9bc123f6e53dc1718b20e3.js?9b64553, line 2: unreachable code after return statement
ATTENTION: default value of option force_s3tc_enable overridden by environment.
1499674570631	geckodriver	INFO	Listening on 127.0.0.1:58413
1499674571195	geckodriver::marionette	INFO	Starting browser /usr/bin/firefox with args ["-marionette"]

(firefox:28250): Gtk-WARNING **: Theme parsing error: gtk-widgets.css:2045:14: 'min-height' is not a valid property name

(firefox:28250): Gtk-WARNING **: Theme parsing error: gtk-widgets.css:2046:13: 'min-width' is not a valid property name

(firefox:28250): Gtk-WARNING **: Theme parsing error: gtk-widgets.css:2051:13: 'min-width' is not a valid property name

###!!! [Parent][RunMessage] Error: Channel closing: too late to send/recv, messages will be lost

1499674578678	Marionette	INFO	Ceased listening
1499674580818	Marionette	INFO	Listening on port 44295
1499674581744	Marionette	WARN	TLS certificate errors will be ignored for this session
JavaScript warning: https://www.avito.st/s/cc/093676680537ee50bf9bc123f6e53dc1718b20e3.js?9b64553, line 2: unreachable code after return statement
JavaScript warning: https://www.avito.st/s/cc/093676680537ee50bf9bc123f6e53dc1718b20e3.js?9b64553, line 2: unreachable code after return statement
JavaScript warning: https://www.avito.st/s/cc/093676680537ee50bf9bc123f6e53dc1718b20e3.js?9b64553, line 2: unreachable code after return statement
JavaScript warning: https://www.avito.st/s/cc/093676680537ee50bf9bc123f6e53dc1718b20e3.js?9b64553, line 2: unreachable code after return statement
ATTENTION: default value of option force_s3tc_enable overridden by environment.

###!!! [Parent][RunMessage] Error: Channel closing: too late to send/recv, messages will be lost

1499674721038	Marionette	INFO	Ceased listening
1499674841831	geckodriver	INFO	Listening on 127.0.0.1:45377
1499674842324	geckodriver::marionette	INFO	Starting browser /usr/bin/firefox with args ["-marionette"]

(firefox:28478): Gtk-WARNING **: Theme parsing error: gtk-widgets.css:2045:14: 'min-height' is not a valid property name

(firefox:28478): Gtk-WARNING **: Theme parsing error: gtk-widgets.css:2046:13: 'min-width' is not a valid property name

(firefox:28478): Gtk-WARNING **: Theme parsing error: gtk-widgets.css:2051:13: 'min-width' is not a valid property name
1499674850059	Marionette	INFO	Listening on port 45577
1499674850658	Marionette	WARN	TLS certificate errors will be ignored for this session
JavaScript warning: https://www.avito.st/s/cc/093676680537ee50bf9bc123f6e53dc1718b20e3.js?9b64553, line 2: unreachable code after return statement
JavaScript warning: https://www.avito.st/s/cc/093676680537ee50bf9bc123f6e53dc1718b20e3.js?9b64553, line 2: unreachable code after return statement
JavaScript warning: https://www.avito.st/s/cc/093676680537ee50bf9bc123f6e53dc1718b20e3.js?9b64553, line 2: unreachable code after return statement
JavaScript warning: https://www.avito.st/s/cc/093676680537ee50bf9bc123f6e53dc1718b20e3.js?9b64553, line 2: unreachable code after return statement
ATTENTION: default value of option force_s3tc_enable overridden by environment.
*************************
A coding exception was thrown and uncaught in a Task.

Full message: TypeError: NetworkError when attempting to fetch resource.
Full stack: 
*************************

###!!! [Parent][RunMessage] Error: Channel closing: too late to send/recv, messages will be lost

1499675762925	Marionette	INFO	Ceased listening
1499676255813	geckodriver	INFO	Listening on 127.0.0.1:51745
1499676257339	geckodriver::marionette	INFO	Starting browser /usr/bin/firefox with args ["-marionette"]

(firefox:29970): Gtk-WARNING **: Theme parsing error: gtk-widgets.css:2045:14: 'min-height' is not a valid property name

(firefox:29970): Gtk-WARNING **: Theme parsing error: gtk-widgets.css:2046:13: 'min-width' is not a valid property name

(firefox:29970): Gtk-WARNING **: Theme parsing error: gtk-widgets.css:2051:13: 'min-width' is not a valid property name
1499676267459	Marionette	INFO	Listening on port 35889
1499676268622	Marionette	WARN	TLS certificate errors will be ignored for this session
JavaScript warning: https://www.avito.st/s/cc/093676680537ee50bf9bc123f6e53dc1718b20e3.js?9b64553, line 2: unreachable code after return statement
JavaScript warning: https://www.avito.st/s/cc/093676680537ee50bf9bc123f6e53dc1718b20e3.js?9b64553, line 2: unreachable code after return statement
JavaScript warning: https://www.avito.st/s/cc/093676680537ee50bf9bc123f6e53dc1718b20e3.js?9b64553, line 2: unreachable code after return statement
JavaScript warning: https://www.avito.st/s/cc/093676680537ee50bf9bc123f6e53dc1718b20e3.js?9b64553, line 2: unreachable code after return statement
ATTENTION: default value of option force_s3tc_enable overridden by environment.

###!!! [Parent][RunMessage] Error: Channel closing: too late to send/recv, messages will be lost

1499676417577	Marionette	INFO	Ceased listening
